<?xml version="1.0" encoding="UTF-8"?>
<testsuite name="com.app.server.service.salesboundedcontext.sales.MaterialTestCase" tests="6" skipped="0" failures="0" errors="0" timestamp="2016-04-08T08:52:44" hostname="7621a196069f" time="0.661">
  <properties/>
  <testcase name="test1Save" classname="com.app.server.service.salesboundedcontext.sales.MaterialTestCase" time="0.349"/>
  <testcase name="test2Update" classname="com.app.server.service.salesboundedcontext.sales.MaterialTestCase" time="0.089"/>
  <testcase name="test3FindById" classname="com.app.server.service.salesboundedcontext.sales.MaterialTestCase" time="0.008"/>
  <testcase name="test3findBybrandcode" classname="com.app.server.service.salesboundedcontext.sales.MaterialTestCase" time="0.011"/>
  <testcase name="test4Delete" classname="com.app.server.service.salesboundedcontext.sales.MaterialTestCase" time="0.191"/>
  <testcase name="test5NegativeTesting" classname="com.app.server.service.salesboundedcontext.sales.MaterialTestCase" time="0.011"/>
  <system-out><![CDATA[[EL Fine]: sql: 2016-04-08 08:52:44.282--ClientSession(1646241099)--Connection(1740073760)--Thread(Thread[Test worker,5,main])--INSERT INTO ast_Category_M (categoryId, category, versionId, createdBy, createdDate, updatedBy, updatedDate, activeStatus, txnAccessCode) VALUES (?, ?, ?, ?, ?, ?, ?, ?, ?)
	bind => [429DE588-00A0-40CA-B366-BD7924982EA8, GkDTw1Zavxtry0PftKT3L3iAN9K66fCu7dW61UXKN55XEAE7dZ, 1, AAAAA, 2016-04-08 08:52:44.279, null, 2016-04-08 08:52:44.279, 1, 51000]
[EL Fine]: sql: 2016-04-08 08:52:44.345--ClientSession(1320565020)--Connection(1740073760)--Thread(Thread[Test worker,5,main])--INSERT INTO ast_Brand_M (brandcode, branddesc, categoryId, versionId, createdBy, createdDate, updatedBy, updatedDate, activeStatus, txnAccessCode) VALUES (?, ?, ?, ?, ?, ?, ?, ?, ?, ?)
	bind => [52AF4FC5-E3A8-4A78-B82A-1A666553804D, fEVHtRKMngjPjvCifZmMapmxymPJuosLXAH5a0OOyK9UeIFFZh, 429DE588-00A0-40CA-B366-BD7924982EA8, 1, AAAAA, 2016-04-08 08:52:44.279, null, 2016-04-08 08:52:44.279, 1, 51000]
Setting logged in user info for ADD
[EL Fine]: sql: 2016-04-08 08:52:44.538--ClientSession(1649795423)--Connection(1740073760)--Thread(Thread[Test worker,5,main])--INSERT INTO ast_Material_M (materialcode, brandcode, materialdesc, versionId, createdBy, createdDate, updatedBy, updatedDate, activeStatus, txnAccessCode) VALUES (?, ?, ?, ?, ?, ?, ?, ?, ?, ?)
	bind => [47A704DE-E410-48A6-A08D-534A2E6A89A1, 52AF4FC5-E3A8-4A78-B82A-1A666553804D, SO3XxJCu3nUrndqI3Zr1n5y2wq0Yfzlr1CgnJnFKd5rRpiYW3C, 1, AAAAA, 2016-04-08 08:52:44.531, null, 2016-04-08 08:52:44.531, 1, 51000]
[EL Fine]: sql: 2016-04-08 08:52:44.63--ClientSession(2147276214)--Connection(1740073760)--Thread(Thread[Test worker,5,main])--SELECT materialcode, brandcode, materialdesc, versionId, createdBy, createdDate, updatedBy, updatedDate, activeStatus, txnAccessCode FROM ast_Material_M WHERE ((activeStatus = ?) AND (materialcode = ?))
	bind => [1, 47A704DE-E410-48A6-A08D-534A2E6A89A1]
Setting logged in user info for UPDATE
[EL Fine]: sql: 2016-04-08 08:52:44.637--ClientSession(1008915102)--Connection(1740073760)--Thread(Thread[Test worker,5,main])--SELECT materialcode, brandcode, materialdesc, versionId, createdBy, createdDate, updatedBy, updatedDate, activeStatus, txnAccessCode FROM ast_Material_M WHERE (materialcode = ?)
	bind => [47A704DE-E410-48A6-A08D-534A2E6A89A1]
[EL Fine]: sql: 2016-04-08 08:52:44.641--ClientSession(1008915102)--Connection(1740073760)--Thread(Thread[Test worker,5,main])--UPDATE ast_Material_M SET materialdesc = ?, updatedBy = ?, versionId = ? WHERE ((materialcode = ?) AND (versionId = ?))
	bind => [GtCum4R4WlSU4yl0Fkcclg34UqZDwIAZqqWIdlU4izralbBs6w, AAAAA, 2, 47A704DE-E410-48A6-A08D-534A2E6A89A1, 1]
[EL Fine]: sql: 2016-04-08 08:52:44.707--ClientSession(826965719)--Connection(1740073760)--Thread(Thread[Test worker,5,main])--SELECT materialcode, brandcode, materialdesc, versionId, createdBy, createdDate, updatedBy, updatedDate, activeStatus, txnAccessCode FROM ast_Material_M WHERE ((activeStatus = ?) AND (materialcode = ?))
	bind => [1, 47A704DE-E410-48A6-A08D-534A2E6A89A1]
[EL Fine]: sql: 2016-04-08 08:52:44.718--ClientSession(7336523)--Connection(1740073760)--Thread(Thread[Test worker,5,main])--SELECT materialcode, brandcode, materialdesc, versionId, createdBy, createdDate, updatedBy, updatedDate, activeStatus, txnAccessCode FROM ast_Material_M WHERE ((activeStatus = ?) AND (brandcode = ?))
	bind => [1, 52AF4FC5-E3A8-4A78-B82A-1A666553804D]
[EL Fine]: sql: 2016-04-08 08:52:44.725--ClientSession(344140925)--Connection(1740073760)--Thread(Thread[Test worker,5,main])--SELECT materialcode, brandcode, materialdesc, versionId, createdBy, createdDate, updatedBy, updatedDate, activeStatus, txnAccessCode FROM ast_Material_M WHERE (materialcode = ?)
	bind => [47A704DE-E410-48A6-A08D-534A2E6A89A1]
[EL Fine]: sql: 2016-04-08 08:52:44.726--ClientSession(344140925)--Connection(1740073760)--Thread(Thread[Test worker,5,main])--DELETE FROM ast_Material_M WHERE ((materialcode = ?) AND (versionId = ?))
	bind => [47A704DE-E410-48A6-A08D-534A2E6A89A1, 2]
[EL Fine]: sql: 2016-04-08 08:52:44.801--ClientSession(1824335532)--Connection(1740073760)--Thread(Thread[Test worker,5,main])--SELECT brandcode, branddesc, categoryId, versionId, createdBy, createdDate, updatedBy, updatedDate, activeStatus, txnAccessCode FROM ast_Brand_M WHERE (brandcode = ?)
	bind => [52AF4FC5-E3A8-4A78-B82A-1A666553804D]
[EL Fine]: sql: 2016-04-08 08:52:44.803--ClientSession(1824335532)--Connection(1740073760)--Thread(Thread[Test worker,5,main])--DELETE FROM ast_Brand_M WHERE ((brandcode = ?) AND (versionId = ?))
	bind => [52AF4FC5-E3A8-4A78-B82A-1A666553804D, 1]
[EL Fine]: sql: 2016-04-08 08:52:44.857--ClientSession(2026139388)--Connection(1740073760)--Thread(Thread[Test worker,5,main])--SELECT categoryId, category, versionId, createdBy, createdDate, updatedBy, updatedDate, activeStatus, txnAccessCode FROM ast_Category_M WHERE (categoryId = ?)
	bind => [429DE588-00A0-40CA-B366-BD7924982EA8]
[EL Fine]: sql: 2016-04-08 08:52:44.859--ClientSession(2026139388)--Connection(1740073760)--Thread(Thread[Test worker,5,main])--DELETE FROM ast_Category_M WHERE ((categoryId = ?) AND (versionId = ?))
	bind => [429DE588-00A0-40CA-B366-BD7924982EA8, 1]
]]></system-out>
  <system-err><![CDATA[com.app.shared.salesboundedcontext.sales.Material.materialdesc may not be null
com.athena.framework.server.exception.biz.SpartanConstraintViolationException: Exception in validating entity /com.app.shared.salesboundedcontext.sales.Material.materialdesc may not be null

	at com.athena.framework.server.helper.EntityValidatorHelper.validateEntity(EntityValidatorHelper.java:28)
	at com.app.shared.salesboundedcontext.sales.Material.isValid(Material.java:149)
	at com.app.server.service.salesboundedcontext.sales.MaterialTestCase.validateMaterial(MaterialTestCase.java:212)
	at com.app.server.service.salesboundedcontext.sales.MaterialTestCase.test5NegativeTesting(MaterialTestCase.java:240)
	at sun.reflect.NativeMethodAccessorImpl.invoke0(Native Method)
	at sun.reflect.NativeMethodAccessorImpl.invoke(NativeMethodAccessorImpl.java:57)
	at sun.reflect.DelegatingMethodAccessorImpl.invoke(DelegatingMethodAccessorImpl.java:43)
	at java.lang.reflect.Method.invoke(Method.java:606)
	at org.junit.runners.model.FrameworkMethod$1.runReflectiveCall(FrameworkMethod.java:47)
	at org.junit.internal.runners.model.ReflectiveCallable.run(ReflectiveCallable.java:12)
	at org.junit.runners.model.FrameworkMethod.invokeExplosively(FrameworkMethod.java:44)
	at org.junit.internal.runners.statements.InvokeMethod.evaluate(InvokeMethod.java:17)
	at org.junit.internal.runners.statements.RunBefores.evaluate(RunBefores.java:26)
	at org.springframework.test.context.junit4.statements.RunBeforeTestMethodCallbacks.evaluate(RunBeforeTestMethodCallbacks.java:74)
	at org.junit.internal.runners.statements.RunAfters.evaluate(RunAfters.java:27)
	at org.springframework.test.context.junit4.statements.RunAfterTestMethodCallbacks.evaluate(RunAfterTestMethodCallbacks.java:83)
	at org.springframework.test.context.junit4.statements.SpringRepeat.evaluate(SpringRepeat.java:72)
	at org.springframework.test.context.junit4.SpringJUnit4ClassRunner.runChild(SpringJUnit4ClassRunner.java:233)
	at org.springframework.test.context.junit4.SpringJUnit4ClassRunner.runChild(SpringJUnit4ClassRunner.java:87)
	at org.junit.runners.ParentRunner$3.run(ParentRunner.java:238)
	at org.junit.runners.ParentRunner$1.schedule(ParentRunner.java:63)
	at org.junit.runners.ParentRunner.runChildren(ParentRunner.java:236)
	at org.junit.runners.ParentRunner.access$000(ParentRunner.java:53)
	at org.junit.runners.ParentRunner$2.evaluate(ParentRunner.java:229)
	at org.springframework.test.context.junit4.statements.RunBeforeTestClassCallbacks.evaluate(RunBeforeTestClassCallbacks.java:61)
	at org.springframework.test.context.junit4.statements.RunAfterTestClassCallbacks.evaluate(RunAfterTestClassCallbacks.java:71)
	at org.junit.runners.ParentRunner.run(ParentRunner.java:309)
	at org.springframework.test.context.junit4.SpringJUnit4ClassRunner.run(SpringJUnit4ClassRunner.java:176)
	at org.gradle.api.internal.tasks.testing.junit.JUnitTestClassExecuter.runTestClass(JUnitTestClassExecuter.java:86)
	at org.gradle.api.internal.tasks.testing.junit.JUnitTestClassExecuter.execute(JUnitTestClassExecuter.java:49)
	at org.gradle.api.internal.tasks.testing.junit.JUnitTestClassProcessor.processTestClass(JUnitTestClassProcessor.java:64)
	at org.gradle.api.internal.tasks.testing.SuiteTestClassProcessor.processTestClass(SuiteTestClassProcessor.java:50)
	at sun.reflect.NativeMethodAccessorImpl.invoke0(Native Method)
	at sun.reflect.NativeMethodAccessorImpl.invoke(NativeMethodAccessorImpl.java:57)
	at sun.reflect.DelegatingMethodAccessorImpl.invoke(DelegatingMethodAccessorImpl.java:43)
	at java.lang.reflect.Method.invoke(Method.java:606)
	at org.gradle.messaging.dispatch.ReflectionDispatch.dispatch(ReflectionDispatch.java:35)
	at org.gradle.messaging.dispatch.ReflectionDispatch.dispatch(ReflectionDispatch.java:24)
	at org.gradle.messaging.dispatch.ContextClassLoaderDispatch.dispatch(ContextClassLoaderDispatch.java:32)
	at org.gradle.messaging.dispatch.ProxyDispatchAdapter$DispatchingInvocationHandler.invoke(ProxyDispatchAdapter.java:93)
	at com.sun.proxy.$Proxy2.processTestClass(Unknown Source)
	at org.gradle.api.internal.tasks.testing.worker.TestWorker.processTestClass(TestWorker.java:106)
	at sun.reflect.NativeMethodAccessorImpl.invoke0(Native Method)
	at sun.reflect.NativeMethodAccessorImpl.invoke(NativeMethodAccessorImpl.java:57)
	at sun.reflect.DelegatingMethodAccessorImpl.invoke(DelegatingMethodAccessorImpl.java:43)
	at java.lang.reflect.Method.invoke(Method.java:606)
	at org.gradle.messaging.dispatch.ReflectionDispatch.dispatch(ReflectionDispatch.java:35)
	at org.gradle.messaging.dispatch.ReflectionDispatch.dispatch(ReflectionDispatch.java:24)
	at org.gradle.messaging.remote.internal.hub.MessageHub$Handler.run(MessageHub.java:360)
	at org.gradle.internal.concurrent.DefaultExecutorFactory$StoppableExecutorImpl$1.run(DefaultExecutorFactory.java:64)
	at java.util.concurrent.ThreadPoolExecutor.runWorker(ThreadPoolExecutor.java:1145)
	at java.util.concurrent.ThreadPoolExecutor$Worker.run(ThreadPoolExecutor.java:615)
	at java.lang.Thread.run(Thread.java:745)
com.app.shared.salesboundedcontext.sales.Material.materialdesc size must be between 0 and 64
com.athena.framework.server.exception.biz.SpartanConstraintViolationException: Exception in validating entity /com.app.shared.salesboundedcontext.sales.Material.materialdesc size must be between 0 and 64

	at com.athena.framework.server.helper.EntityValidatorHelper.validateEntity(EntityValidatorHelper.java:28)
	at com.app.shared.salesboundedcontext.sales.Material.isValid(Material.java:149)
	at com.app.server.service.salesboundedcontext.sales.MaterialTestCase.validateMaterial(MaterialTestCase.java:210)
	at com.app.server.service.salesboundedcontext.sales.MaterialTestCase.test5NegativeTesting(MaterialTestCase.java:245)
	at sun.reflect.NativeMethodAccessorImpl.invoke0(Native Method)
	at sun.reflect.NativeMethodAccessorImpl.invoke(NativeMethodAccessorImpl.java:57)
	at sun.reflect.DelegatingMethodAccessorImpl.invoke(DelegatingMethodAccessorImpl.java:43)
	at java.lang.reflect.Method.invoke(Method.java:606)
	at org.junit.runners.model.FrameworkMethod$1.runReflectiveCall(FrameworkMethod.java:47)
	at org.junit.internal.runners.model.ReflectiveCallable.run(ReflectiveCallable.java:12)
	at org.junit.runners.model.FrameworkMethod.invokeExplosively(FrameworkMethod.java:44)
	at org.junit.internal.runners.statements.InvokeMethod.evaluate(InvokeMethod.java:17)
	at org.junit.internal.runners.statements.RunBefores.evaluate(RunBefores.java:26)
	at org.springframework.test.context.junit4.statements.RunBeforeTestMethodCallbacks.evaluate(RunBeforeTestMethodCallbacks.java:74)
	at org.junit.internal.runners.statements.RunAfters.evaluate(RunAfters.java:27)
	at org.springframework.test.context.junit4.statements.RunAfterTestMethodCallbacks.evaluate(RunAfterTestMethodCallbacks.java:83)
	at org.springframework.test.context.junit4.statements.SpringRepeat.evaluate(SpringRepeat.java:72)
	at org.springframework.test.context.junit4.SpringJUnit4ClassRunner.runChild(SpringJUnit4ClassRunner.java:233)
	at org.springframework.test.context.junit4.SpringJUnit4ClassRunner.runChild(SpringJUnit4ClassRunner.java:87)
	at org.junit.runners.ParentRunner$3.run(ParentRunner.java:238)
	at org.junit.runners.ParentRunner$1.schedule(ParentRunner.java:63)
	at org.junit.runners.ParentRunner.runChildren(ParentRunner.java:236)
	at org.junit.runners.ParentRunner.access$000(ParentRunner.java:53)
	at org.junit.runners.ParentRunner$2.evaluate(ParentRunner.java:229)
	at org.springframework.test.context.junit4.statements.RunBeforeTestClassCallbacks.evaluate(RunBeforeTestClassCallbacks.java:61)
	at org.springframework.test.context.junit4.statements.RunAfterTestClassCallbacks.evaluate(RunAfterTestClassCallbacks.java:71)
	at org.junit.runners.ParentRunner.run(ParentRunner.java:309)
	at org.springframework.test.context.junit4.SpringJUnit4ClassRunner.run(SpringJUnit4ClassRunner.java:176)
	at org.gradle.api.internal.tasks.testing.junit.JUnitTestClassExecuter.runTestClass(JUnitTestClassExecuter.java:86)
	at org.gradle.api.internal.tasks.testing.junit.JUnitTestClassExecuter.execute(JUnitTestClassExecuter.java:49)
	at org.gradle.api.internal.tasks.testing.junit.JUnitTestClassProcessor.processTestClass(JUnitTestClassProcessor.java:64)
	at org.gradle.api.internal.tasks.testing.SuiteTestClassProcessor.processTestClass(SuiteTestClassProcessor.java:50)
	at sun.reflect.NativeMethodAccessorImpl.invoke0(Native Method)
	at sun.reflect.NativeMethodAccessorImpl.invoke(NativeMethodAccessorImpl.java:57)
	at sun.reflect.DelegatingMethodAccessorImpl.invoke(DelegatingMethodAccessorImpl.java:43)
	at java.lang.reflect.Method.invoke(Method.java:606)
	at org.gradle.messaging.dispatch.ReflectionDispatch.dispatch(ReflectionDispatch.java:35)
	at org.gradle.messaging.dispatch.ReflectionDispatch.dispatch(ReflectionDispatch.java:24)
	at org.gradle.messaging.dispatch.ContextClassLoaderDispatch.dispatch(ContextClassLoaderDispatch.java:32)
	at org.gradle.messaging.dispatch.ProxyDispatchAdapter$DispatchingInvocationHandler.invoke(ProxyDispatchAdapter.java:93)
	at com.sun.proxy.$Proxy2.processTestClass(Unknown Source)
	at org.gradle.api.internal.tasks.testing.worker.TestWorker.processTestClass(TestWorker.java:106)
	at sun.reflect.NativeMethodAccessorImpl.invoke0(Native Method)
	at sun.reflect.NativeMethodAccessorImpl.invoke(NativeMethodAccessorImpl.java:57)
	at sun.reflect.DelegatingMethodAccessorImpl.invoke(DelegatingMethodAccessorImpl.java:43)
	at java.lang.reflect.Method.invoke(Method.java:606)
	at org.gradle.messaging.dispatch.ReflectionDispatch.dispatch(ReflectionDispatch.java:35)
	at org.gradle.messaging.dispatch.ReflectionDispatch.dispatch(ReflectionDispatch.java:24)
	at org.gradle.messaging.remote.internal.hub.MessageHub$Handler.run(MessageHub.java:360)
	at org.gradle.internal.concurrent.DefaultExecutorFactory$StoppableExecutorImpl$1.run(DefaultExecutorFactory.java:64)
	at java.util.concurrent.ThreadPoolExecutor.runWorker(ThreadPoolExecutor.java:1145)
	at java.util.concurrent.ThreadPoolExecutor$Worker.run(ThreadPoolExecutor.java:615)
	at java.lang.Thread.run(Thread.java:745)
]]></system-err>
</testsuite>
